build/app/intermediates/manifest_merge_blame_file/release/manifest-merger-blame-release-report.txt
1<?xml version="1.0" encoding="utf-8"?>
2<manifest xmlns:android="http://schemas.android.com/apk/res/android"
3    package="com.example.untitled"
4    android:versionCode="1"
5    android:versionName="1.0.0" >
6
7    <uses-sdk
8        android:minSdkVersion="21"
8-->src/main/AndroidManifest.xml
9        android:targetSdkVersion="34" />
9-->src/main/AndroidManifest.xml
10
11    <!-- Permissions -->
12    <uses-permission android:name="android.permission.INTERNET" />
12-->src/main/AndroidManifest.xml:4:5-67
12-->src/main/AndroidManifest.xml:4:22-64
13    <uses-permission android:name="android.permission.ACCESS_NETWORK_STATE" />
13-->src/main/AndroidManifest.xml:5:5-79
13-->src/main/AndroidManifest.xml:5:22-76
14    <uses-permission android:name="android.permission.ACCESS_WIFI_STATE" />
14-->src/main/AndroidManifest.xml:6:5-76
14-->src/main/AndroidManifest.xml:6:22-73
15    <!--
16         Required to query activities that can process text, see:
17         https://developer.android.com/training/package-visibility and
18         https://developer.android.com/reference/android/content/Intent#ACTION_PROCESS_TEXT.
19
20         In particular, this is used by the Flutter engine in io.flutter.plugin.text.ProcessTextPlugin.
21    -->
22    <queries>
22-->src/main/AndroidManifest.xml:45:5-50:15
23        <intent>
23-->src/main/AndroidManifest.xml:46:9-49:18
24            <action android:name="android.intent.action.PROCESS_TEXT" />
24-->src/main/AndroidManifest.xml:47:13-72
24-->src/main/AndroidManifest.xml:47:21-70
25
26            <data android:mimeType="text/plain" />
26-->src/main/AndroidManifest.xml:48:13-50
26-->src/main/AndroidManifest.xml:48:19-48
27        </intent>
28    </queries>
29
30    <permission
30-->[androidx.core:core:1.13.1] AndroidManifest.xml:22:5-24:47
31        android:name="com.example.untitled.DYNAMIC_RECEIVER_NOT_EXPORTED_PERMISSION"
31-->[androidx.core:core:1.13.1] AndroidManifest.xml:23:9-81
32        android:protectionLevel="signature" />
32-->[androidx.core:core:1.13.1] AndroidManifest.xml:24:9-44
33
34    <uses-permission android:name="com.example.untitled.DYNAMIC_RECEIVER_NOT_EXPORTED_PERMISSION" />
34-->[androidx.core:core:1.13.1] AndroidManifest.xml:26:5-97
34-->[androidx.core:core:1.13.1] AndroidManifest.xml:26:22-94
35
36    <application
37        android:name="android.app.Application"
37-->src/main/AndroidManifest.xml:10:9-42
38        android:appComponentFactory="androidx.core.app.CoreComponentFactory"
38-->[androidx.core:core:1.13.1] AndroidManifest.xml:28:18-86
39        android:icon="@mipmap/ic_launcher"
39-->src/main/AndroidManifest.xml:11:9-43
40        android:label="untitled" >
40-->src/main/AndroidManifest.xml:9:9-33
41        <activity
41-->src/main/AndroidManifest.xml:12:9-33:20
42            android:name="com.example.untitled.MainActivity"
42-->src/main/AndroidManifest.xml:13:13-41
43            android:configChanges="orientation|keyboardHidden|keyboard|screenSize|smallestScreenSize|locale|layoutDirection|fontScale|screenLayout|density|uiMode"
43-->src/main/AndroidManifest.xml:18:13-163
44            android:exported="true"
44-->src/main/AndroidManifest.xml:14:13-36
45            android:hardwareAccelerated="true"
45-->src/main/AndroidManifest.xml:19:13-47
46            android:launchMode="singleTop"
46-->src/main/AndroidManifest.xml:15:13-43
47            android:taskAffinity=""
47-->src/main/AndroidManifest.xml:16:13-36
48            android:theme="@style/LaunchTheme"
48-->src/main/AndroidManifest.xml:17:13-47
49            android:windowSoftInputMode="adjustResize" >
49-->src/main/AndroidManifest.xml:20:13-55
50
51            <!--
52                 Specifies an Android theme to apply to this Activity as soon as
53                 the Android process has started. This theme is visible to the user
54                 while the Flutter UI initializes. After that, this theme continues
55                 to determine the Window background behind the Flutter UI.
56            -->
57            <meta-data
57-->src/main/AndroidManifest.xml:25:13-28:17
58                android:name="io.flutter.embedding.android.NormalTheme"
58-->src/main/AndroidManifest.xml:26:15-70
59                android:resource="@style/NormalTheme" />
59-->src/main/AndroidManifest.xml:27:15-52
60
61            <intent-filter>
61-->src/main/AndroidManifest.xml:29:13-32:29
62                <action android:name="android.intent.action.MAIN" />
62-->src/main/AndroidManifest.xml:30:17-68
62-->src/main/AndroidManifest.xml:30:25-66
63
64                <category android:name="android.intent.category.LAUNCHER" />
64-->src/main/AndroidManifest.xml:31:17-76
64-->src/main/AndroidManifest.xml:31:27-74
65            </intent-filter>
66        </activity>
67        <!--
68             Don't delete the meta-data below.
69             This is used by the Flutter tool to generate GeneratedPluginRegistrant.java
70        -->
71        <meta-data
71-->src/main/AndroidManifest.xml:36:9-38:33
72            android:name="flutterEmbedding"
72-->src/main/AndroidManifest.xml:37:13-44
73            android:value="2" />
73-->src/main/AndroidManifest.xml:38:13-30
74
75        <uses-library
75-->[androidx.window:window:1.2.0] AndroidManifest.xml:23:9-25:40
76            android:name="androidx.window.extensions"
76-->[androidx.window:window:1.2.0] AndroidManifest.xml:24:13-54
77            android:required="false" />
77-->[androidx.window:window:1.2.0] AndroidManifest.xml:25:13-37
78        <uses-library
78-->[androidx.window:window:1.2.0] AndroidManifest.xml:26:9-28:40
79            android:name="androidx.window.sidecar"
79-->[androidx.window:window:1.2.0] AndroidManifest.xml:27:13-51
80            android:required="false" />
80-->[androidx.window:window:1.2.0] AndroidManifest.xml:28:13-37
81
82        <provider
82-->[androidx.lifecycle:lifecycle-process:2.7.0] AndroidManifest.xml:24:9-32:20
83            android:name="androidx.startup.InitializationProvider"
83-->[androidx.lifecycle:lifecycle-process:2.7.0] AndroidManifest.xml:25:13-67
84            android:authorities="com.example.untitled.androidx-startup"
84-->[androidx.lifecycle:lifecycle-process:2.7.0] AndroidManifest.xml:26:13-68
85            android:exported="false" >
85-->[androidx.lifecycle:lifecycle-process:2.7.0] AndroidManifest.xml:27:13-37
86            <meta-data
86-->[androidx.lifecycle:lifecycle-process:2.7.0] AndroidManifest.xml:29:13-31:52
87                android:name="androidx.lifecycle.ProcessLifecycleInitializer"
87-->[androidx.lifecycle:lifecycle-process:2.7.0] AndroidManifest.xml:30:17-78
88                android:value="androidx.startup" />
88-->[androidx.lifecycle:lifecycle-process:2.7.0] AndroidManifest.xml:31:17-49
89            <meta-data
89-->[androidx.profileinstaller:profileinstaller:1.3.1] AndroidManifest.xml:29:13-31:52
90                android:name="androidx.profileinstaller.ProfileInstallerInitializer"
90-->[androidx.profileinstaller:profileinstaller:1.3.1] AndroidManifest.xml:30:17-85
91                android:value="androidx.startup" />
91-->[androidx.profileinstaller:profileinstaller:1.3.1] AndroidManifest.xml:31:17-49
92        </provider>
93
94        <receiver
94-->[androidx.profileinstaller:profileinstaller:1.3.1] AndroidManifest.xml:34:9-52:20
95            android:name="androidx.profileinstaller.ProfileInstallReceiver"
95-->[androidx.profileinstaller:profileinstaller:1.3.1] AndroidManifest.xml:35:13-76
96            android:directBootAware="false"
96-->[androidx.profileinstaller:profileinstaller:1.3.1] AndroidManifest.xml:36:13-44
97            android:enabled="true"
97-->[androidx.profileinstaller:profileinstaller:1.3.1] AndroidManifest.xml:37:13-35
98            android:exported="true"
98-->[androidx.profileinstaller:profileinstaller:1.3.1] AndroidManifest.xml:38:13-36
99            android:permission="android.permission.DUMP" >
99-->[androidx.profileinstaller:profileinstaller:1.3.1] AndroidManifest.xml:39:13-57
100            <intent-filter>
100-->[androidx.profileinstaller:profileinstaller:1.3.1] AndroidManifest.xml:40:13-42:29
101                <action android:name="androidx.profileinstaller.action.INSTALL_PROFILE" />
101-->[androidx.profileinstaller:profileinstaller:1.3.1] AndroidManifest.xml:41:17-91
101-->[androidx.profileinstaller:profileinstaller:1.3.1] AndroidManifest.xml:41:25-88
102            </intent-filter>
103            <intent-filter>
103-->[androidx.profileinstaller:profileinstaller:1.3.1] AndroidManifest.xml:43:13-45:29
104                <action android:name="androidx.profileinstaller.action.SKIP_FILE" />
104-->[androidx.profileinstaller:profileinstaller:1.3.1] AndroidManifest.xml:44:17-85
104-->[androidx.profileinstaller:profileinstaller:1.3.1] AndroidManifest.xml:44:25-82
105            </intent-filter>
106            <intent-filter>
106-->[androidx.profileinstaller:profileinstaller:1.3.1] AndroidManifest.xml:46:13-48:29
107                <action android:name="androidx.profileinstaller.action.SAVE_PROFILE" />
107-->[androidx.profileinstaller:profileinstaller:1.3.1] AndroidManifest.xml:47:17-88
107-->[androidx.profileinstaller:profileinstaller:1.3.1] AndroidManifest.xml:47:25-85
108            </intent-filter>
109            <intent-filter>
109-->[androidx.profileinstaller:profileinstaller:1.3.1] AndroidManifest.xml:49:13-51:29
110                <action android:name="androidx.profileinstaller.action.BENCHMARK_OPERATION" />
110-->[androidx.profileinstaller:profileinstaller:1.3.1] AndroidManifest.xml:50:17-95
110-->[androidx.profileinstaller:profileinstaller:1.3.1] AndroidManifest.xml:50:25-92
111            </intent-filter>
112        </receiver>
113    </application>
114
115</manifest>